# JRE version: OpenJDK Runtime Environment Temurin-21.0.10+7 (21.0.10+7) (build 21.0.10+7-LTS)
# Java VM: OpenJDK 64-Bit Server VM Temurin-21.0.10+7 (21.0.10+7-LTS, mixed mode, sharing, tiered, compressed oops, compressed class ptrs, parallel gc, windows-amd64)
GC Precious Log:
 CardTable entry size: 512
 CPUs: 8 total, 8 available
 Memory: 7986M
 Large Page Support: Disabled
 NUMA Support: Disabled
 Compressed Oops: Enabled (32-bit)
 Alignments: Space 512K, Generation 512K, Heap 2M
 Heap Min Capacity: 100M
 Heap Initial Capacity: 100M
 Heap Max Capacity: 2G
 Pre-touch: Disabled
 Parallel Workers: 8
Heap:
 PSYoungGen      total 5632K, used 4181K [0x00000000d5580000, 0x00000000d5d80000, 0x0000000100000000)
  eden space 5120K, 77% used [0x00000000d5580000,0x00000000d595d4e0,0x00000000d5a80000)
  from space 512K, 43% used [0x00000000d5c00000,0x00000000d5c38000,0x00000000d5c80000)
  to   space 512K, 0% used [0x00000000d5d00000,0x00000000d5d00000,0x00000000d5d80000)
 ParOldGen       total 997376K, used 481787K [0x0000000080000000, 0x00000000bce00000, 0x00000000d5580000)
  object space 997376K, 48% used [0x0000000080000000,0x000000009d67ed90,0x00000000bce00000)
 Metaspace       used 88778K, committed 90752K, reserved 1179648K
  class space    used 9438K, committed 10368K, reserved 1048576K
GC Heap History (20 events):
Event: 245286.580 GC heap before
{Heap before GC invocations=1590 (full 4):
 PSYoungGen      total 5632K, used 5152K [0x00000000d5580000, 0x00000000d5f00000, 0x0000000100000000)
  eden space 5120K, 100% used [0x00000000d5580000,0x00000000d5a80000,0x00000000d5a80000)
  from space 512K, 6% used [0x00000000d5e00000,0x00000000d5e08000,0x00000000d5e80000)
  to   space 512K, 0% used [0x00000000d5e80000,0x00000000d5e80000,0x00000000d5f00000)
 ParOldGen       total 997376K, used 478757K [0x0000000080000000, 0x00000000bce00000, 0x00000000d5580000)
  object space 997376K, 48% used [0x0000000080000000,0x000000009d3895b0,0x00000000bce00000)
 Metaspace       used 88682K, committed 90624K, reserved 1179648K
  class space    used 9438K, committed 10368K, reserved 1048576K
}
Event: 245286.582 GC heap after
{Heap after GC invocations=1590 (full 4):
 PSYoungGen      total 5632K, used 32K [0x00000000d5580000, 0x00000000d5f00000, 0x0000000100000000)
  eden space 5120K, 0% used [0x00000000d5580000,0x00000000d5580000,0x00000000d5a80000)
  from space 512K, 6% used [0x00000000d5e80000,0x00000000d5e88000,0x00000000d5f00000)
  to   space 512K, 0% used [0x00000000d5e00000,0x00000000d5e00000,0x00000000d5e80000)
 ParOldGen       total 997376K, used 478757K [0x0000000080000000, 0x00000000bce00000, 0x00000000d5580000)
  object space 997376K, 48% used [0x0000000080000000,0x000000009d3895b0,0x00000000bce00000)
 Metaspace       used 88682K, committed 90624K, reserved 1179648K
  class space    used 9438K, committed 10368K, reserved 1048576K
}
Event: 248011.699 GC heap before
{Heap before GC invocations=1591 (full 4):
 PSYoungGen      total 5632K, used 5151K [0x00000000d5580000, 0x00000000d5f00000, 0x0000000100000000)
  eden space 5120K, 99% used [0x00000000d5580000,0x00000000d5a7ff50,0x00000000d5a80000)
  from space 512K, 6% used [0x00000000d5e80000,0x00000000d5e88000,0x00000000d5f00000)
  to   space 512K, 0% used [0x00000000d5e00000,0x00000000d5e00000,0x00000000d5e80000)
 ParOldGen       total 997376K, used 478757K [0x0000000080000000, 0x00000000bce00000, 0x00000000d5580000)
  object space 997376K, 48% used [0x0000000080000000,0x000000009d3895b0,0x00000000bce00000)
 Metaspace       used 88687K, committed 90624K, reserved 1179648K
  class space    used 9438K, committed 10368K, reserved 1048576K
}
Event: 248011.872 GC heap after
{Heap after GC invocations=1591 (full 4):
 PSYoungGen      total 5632K, used 372K [0x00000000d5580000, 0x00000000d5f00000, 0x0000000100000000)
  eden space 5120K, 0% used [0x00000000d5580000,0x00000000d5580000,0x00000000d5a80000)
  from space 512K, 72% used [0x00000000d5e00000,0x00000000d5e5d220,0x00000000d5e80000)
  to   space 512K, 0% used [0x00000000d5e80000,0x00000000d5e80000,0x00000000d5f00000)
 ParOldGen       total 997376K, used 478757K [0x0000000080000000, 0x00000000bce00000, 0x00000000d5580000)
  object space 997376K, 48% used [0x0000000080000000,0x000000009d3895b0,0x00000000bce00000)
 Metaspace       used 88687K, committed 90624K, reserved 1179648K
  class space    used 9438K, committed 10368K, reserved 1048576K
}
Event: 248012.307 GC heap before
{Heap before GC invocations=1592 (full 4):
 PSYoungGen      total 5632K, used 5492K [0x00000000d5580000, 0x00000000d5f00000, 0x0000000100000000)
  eden space 5120K, 99% used [0x00000000d5580000,0x00000000d5a7fff8,0x00000000d5a80000)
  from space 512K, 72% used [0x00000000d5e00000,0x00000000d5e5d220,0x00000000d5e80000)
  to   space 512K, 0% used [0x00000000d5e80000,0x00000000d5e80000,0x00000000d5f00000)
 ParOldGen       total 997376K, used 478757K [0x0000000080000000, 0x00000000bce00000, 0x00000000d5580000)
  object space 997376K, 48% used [0x0000000080000000,0x000000009d3895b0,0x00000000bce00000)
 Metaspace       used 88699K, committed 90624K, reserved 1179648K
  class space    used 9438K, committed 10368K, reserved 1048576K
}
Event: 248012.326 GC heap after
{Heap after GC invocations=1592 (full 4):
 PSYoungGen      total 5632K, used 496K [0x00000000d5580000, 0x00000000d5f00000, 0x0000000100000000)
  eden space 5120K, 0% used [0x00000000d5580000,0x00000000d5580000,0x00000000d5a80000)
  from space 512K, 96% used [0x00000000d5e80000,0x00000000d5efc020,0x00000000d5f00000)
  to   space 1536K, 0% used [0x00000000d5c00000,0x00000000d5c00000,0x00000000d5d80000)
 ParOldGen       total 997376K, used 479462K [0x0000000080000000, 0x00000000bce00000, 0x00000000d5580000)
  object space 997376K, 48% used [0x0000000080000000,0x000000009d439a00,0x00000000bce00000)
 Metaspace       used 88699K, committed 90624K, reserved 1179648K
  class space    used 9438K, committed 10368K, reserved 1048576K
}
Event: 248012.712 GC heap before
{Heap before GC invocations=1593 (full 4):
 PSYoungGen      total 5632K, used 5616K [0x00000000d5580000, 0x00000000d5f00000, 0x0000000100000000)
  eden space 5120K, 100% used [0x00000000d5580000,0x00000000d5a80000,0x00000000d5a80000)
  from space 512K, 96% used [0x00000000d5e80000,0x00000000d5efc020,0x00000000d5f00000)
  to   space 1536K, 0% used [0x00000000d5c00000,0x00000000d5c00000,0x00000000d5d80000)
 ParOldGen       total 997376K, used 479462K [0x0000000080000000, 0x00000000bce00000, 0x00000000d5580000)
  object space 997376K, 48% used [0x0000000080000000,0x000000009d439a00,0x00000000bce00000)
 Metaspace       used 88701K, committed 90624K, reserved 1179648K
  class space    used 9438K, committed 10368K, reserved 1048576K
}
Event: 248012.732 GC heap after
{Heap after GC invocations=1593 (full 4):
 PSYoungGen      total 6656K, used 1104K [0x00000000d5580000, 0x00000000d5f00000, 0x0000000100000000)
  eden space 5120K, 0% used [0x00000000d5580000,0x00000000d5580000,0x00000000d5a80000)
  from space 1536K, 71% used [0x00000000d5c00000,0x00000000d5d14030,0x00000000d5d80000)
  to   space 1536K, 0% used [0x00000000d5d80000,0x00000000d5d80000,0x00000000d5f00000)
 ParOldGen       total 997376K, used 479933K [0x0000000080000000, 0x00000000bce00000, 0x00000000d5580000)
  object space 997376K, 48% used [0x0000000080000000,0x000000009d4af5b0,0x00000000bce00000)
 Metaspace       used 88701K, committed 90624K, reserved 1179648K
  class space    used 9438K, committed 10368K, reserved 1048576K
}
Event: 248012.763 GC heap before
{Heap before GC invocations=1594 (full 4):
 PSYoungGen      total 6656K, used 6224K [0x00000000d5580000, 0x00000000d5f00000, 0x0000000100000000)
  eden space 5120K, 100% used [0x00000000d5580000,0x00000000d5a80000,0x00000000d5a80000)
  from space 1536K, 71% used [0x00000000d5c00000,0x00000000d5d14030,0x00000000d5d80000)
  to   space 1536K, 0% used [0x00000000d5d80000,0x00000000d5d80000,0x00000000d5f00000)
 ParOldGen       total 997376K, used 479933K [0x0000000080000000, 0x00000000bce00000, 0x00000000d5580000)
  object space 997376K, 48% used [0x0000000080000000,0x000000009d4af5b0,0x00000000bce00000)
 Metaspace       used 88701K, committed 90624K, reserved 1179648K
  class space    used 9438K, committed 10368K, reserved 1048576K
}
Event: 248012.777 GC heap after
{Heap after GC invocations=1594 (full 4):
 PSYoungGen      total 6656K, used 1066K [0x00000000d5580000, 0x00000000d5f00000, 0x0000000100000000)
  eden space 5120K, 0% used [0x00000000d5580000,0x00000000d5580000,0x00000000d5a80000)
  from space 1536K, 69% used [0x00000000d5d80000,0x00000000d5e8a910,0x00000000d5f00000)
  to   space 1536K, 0% used [0x00000000d5c00000,0x00000000d5c00000,0x00000000d5d80000)
 ParOldGen       total 997376K, used 480698K [0x0000000080000000, 0x00000000bce00000, 0x00000000d5580000)
  object space 997376K, 48% used [0x0000000080000000,0x000000009d56e860,0x00000000bce00000)
 Metaspace       used 88701K, committed 90624K, reserved 1179648K
  class space    used 9438K, committed 10368K, reserved 1048576K
}
Event: 248017.350 GC heap before
{Heap before GC invocations=1595 (full 4):
 PSYoungGen      total 6656K, used 6186K [0x00000000d5580000, 0x00000000d5f00000, 0x0000000100000000)
  eden space 5120K, 100% used [0x00000000d5580000,0x00000000d5a80000,0x00000000d5a80000)
  from space 1536K, 69% used [0x00000000d5d80000,0x00000000d5e8a910,0x00000000d5f00000)
  to   space 1536K, 0% used [0x00000000d5c00000,0x00000000d5c00000,0x00000000d5d80000)
 ParOldGen       total 997376K, used 480698K [0x0000000080000000, 0x00000000bce00000, 0x00000000d5580000)
  object space 997376K, 48% used [0x0000000080000000,0x000000009d56e860,0x00000000bce00000)
 Metaspace       used 88715K, committed 90624K, reserved 1179648K
  class space    used 9438K, committed 10368K, reserved 1048576K
}
Event: 248017.362 GC heap after
{Heap after GC invocations=1595 (full 4):
 PSYoungGen      total 5632K, used 384K [0x00000000d5580000, 0x00000000d5e00000, 0x0000000100000000)
  eden space 5120K, 0% used [0x00000000d5580000,0x00000000d5580000,0x00000000d5a80000)
  from space 512K, 75% used [0x00000000d5c00000,0x00000000d5c60020,0x00000000d5c80000)
  to   space 1024K, 0% used [0x00000000d5d00000,0x00000000d5d00000,0x00000000d5e00000)
 ParOldGen       total 997376K, used 481238K [0x0000000080000000, 0x00000000bce00000, 0x00000000d5580000)
  object space 997376K, 48% used [0x0000000080000000,0x000000009d5f5a70,0x00000000bce00000)
 Metaspace       used 88715K, committed 90624K, reserved 1179648K
  class space    used 9438K, committed 10368K, reserved 1048576K
}
Event: 248022.305 GC heap before
{Heap before GC invocations=1596 (full 4):
 PSYoungGen      total 5632K, used 5504K [0x00000000d5580000, 0x00000000d5e00000, 0x0000000100000000)
  eden space 5120K, 100% used [0x00000000d5580000,0x00000000d5a80000,0x00000000d5a80000)
  from space 512K, 75% used [0x00000000d5c00000,0x00000000d5c60020,0x00000000d5c80000)
  to   space 1024K, 0% used [0x00000000d5d00000,0x00000000d5d00000,0x00000000d5e00000)
 ParOldGen       total 997376K, used 481238K [0x0000000080000000, 0x00000000bce00000, 0x00000000d5580000)
  object space 997376K, 48% used [0x0000000080000000,0x000000009d5f5a70,0x00000000bce00000)
 Metaspace       used 88718K, committed 90624K, reserved 1179648K
  class space    used 9438K, committed 10368K, reserved 1048576K
}
Event: 248022.311 GC heap after
{Heap after GC invocations=1596 (full 4):
 PSYoungGen      total 5632K, used 160K [0x00000000d5580000, 0x00000000d5d80000, 0x0000000100000000)
  eden space 5120K, 0% used [0x00000000d5580000,0x00000000d5580000,0x00000000d5a80000)
  from space 512K, 31% used [0x00000000d5d00000,0x00000000d5d28000,0x00000000d5d80000)
  to   space 512K, 0% used [0x00000000d5c00000,0x00000000d5c00000,0x00000000d5c80000)
 ParOldGen       total 997376K, used 481539K [0x0000000080000000, 0x00000000bce00000, 0x00000000d5580000)
  object space 997376K, 48% used [0x0000000080000000,0x000000009d640d30,0x00000000bce00000)
 Metaspace       used 88718K, committed 90624K, reserved 1179648K
  class space    used 9438K, committed 10368K, reserved 1048576K
}
Event: 249322.889 GC heap before
{Heap before GC invocations=1597 (full 4):
 PSYoungGen      total 5632K, used 5280K [0x00000000d5580000, 0x00000000d5d80000, 0x0000000100000000)
  eden space 5120K, 100% used [0x00000000d5580000,0x00000000d5a80000,0x00000000d5a80000)
  from space 512K, 31% used [0x00000000d5d00000,0x00000000d5d28000,0x00000000d5d80000)
  to   space 512K, 0% used [0x00000000d5c00000,0x00000000d5c00000,0x00000000d5c80000)
 ParOldGen       total 997376K, used 481539K [0x0000000080000000, 0x00000000bce00000, 0x00000000d5580000)
  object space 997376K, 48% used [0x0000000080000000,0x000000009d640d30,0x00000000bce00000)
 Metaspace       used 88744K, committed 90752K, reserved 1179648K
  class space    used 9438K, committed 10368K, reserved 1048576K
}
Event: 249323.089 GC heap after
{Heap after GC invocations=1597 (full 4):
 PSYoungGen      total 5632K, used 432K [0x00000000d5580000, 0x00000000d5d80000, 0x0000000100000000)
  eden space 5120K, 0% used [0x00000000d5580000,0x00000000d5580000,0x00000000d5a80000)
  from space 512K, 84% used [0x00000000d5c00000,0x00000000d5c6c070,0x00000000d5c80000)
  to   space 512K, 0% used [0x00000000d5d00000,0x00000000d5d00000,0x00000000d5d80000)
 ParOldGen       total 997376K, used 481587K [0x0000000080000000, 0x00000000bce00000, 0x00000000d5580000)
  object space 997376K, 48% used [0x0000000080000000,0x000000009d64cd40,0x00000000bce00000)
 Metaspace       used 88744K, committed 90752K, reserved 1179648K
  class space    used 9438K, committed 10368K, reserved 1048576K
}
Event: 250612.479 GC heap before
{Heap before GC invocations=1598 (full 4):
 PSYoungGen      total 5632K, used 5552K [0x00000000d5580000, 0x00000000d5d80000, 0x0000000100000000)
  eden space 5120K, 100% used [0x00000000d5580000,0x00000000d5a80000,0x00000000d5a80000)
  from space 512K, 84% used [0x00000000d5c00000,0x00000000d5c6c070,0x00000000d5c80000)
  to   space 512K, 0% used [0x00000000d5d00000,0x00000000d5d00000,0x00000000d5d80000)
 ParOldGen       total 997376K, used 481587K [0x0000000080000000, 0x00000000bce00000, 0x00000000d5580000)
  object space 997376K, 48% used [0x0000000080000000,0x000000009d64cd40,0x00000000bce00000)
 Metaspace       used 88771K, committed 90752K, reserved 1179648K
  class space    used 9438K, committed 10368K, reserved 1048576K
}
Event: 250612.667 GC heap after
{Heap after GC invocations=1598 (full 4):
 PSYoungGen      total 5632K, used 352K [0x00000000d5580000, 0x00000000d5d80000, 0x0000000100000000)
  eden space 5120K, 0% used [0x00000000d5580000,0x00000000d5580000,0x00000000d5a80000)
  from space 512K, 68% used [0x00000000d5d00000,0x00000000d5d58040,0x00000000d5d80000)
  to   space 512K, 0% used [0x00000000d5c00000,0x00000000d5c00000,0x00000000d5c80000)
 ParOldGen       total 997376K, used 481755K [0x0000000080000000, 0x00000000bce00000, 0x00000000d5580000)
  object space 997376K, 48% used [0x0000000080000000,0x000000009d676d90,0x00000000bce00000)
 Metaspace       used 88771K, committed 90752K, reserved 1179648K
  class space    used 9438K, committed 10368K, reserved 1048576K
}
Event: 252167.598 GC heap before
{Heap before GC invocations=1599 (full 4):
 PSYoungGen      total 5632K, used 5472K [0x00000000d5580000, 0x00000000d5d80000, 0x0000000100000000)
  eden space 5120K, 100% used [0x00000000d5580000,0x00000000d5a80000,0x00000000d5a80000)
  from space 512K, 68% used [0x00000000d5d00000,0x00000000d5d58040,0x00000000d5d80000)
  to   space 512K, 0% used [0x00000000d5c00000,0x00000000d5c00000,0x00000000d5c80000)
 ParOldGen       total 997376K, used 481755K [0x0000000080000000, 0x00000000bce00000, 0x00000000d5580000)
  object space 997376K, 48% used [0x0000000080000000,0x000000009d676d90,0x00000000bce00000)
 Metaspace       used 88777K, committed 90752K, reserved 1179648K
  class space    used 9438K, committed 10368K, reserved 1048576K
}
Event: 252167.754 GC heap after
{Heap after GC invocations=1599 (full 4):
 PSYoungGen      total 5632K, used 224K [0x00000000d5580000, 0x00000000d5d80000, 0x0000000100000000)
  eden space 5120K, 0% used [0x00000000d5580000,0x00000000d5580000,0x00000000d5a80000)
  from space 512K, 43% used [0x00000000d5c00000,0x00000000d5c38000,0x00000000d5c80000)
  to   space 512K, 0% used [0x00000000d5d00000,0x00000000d5d00000,0x00000000d5d80000)
 ParOldGen       total 997376K, used 481787K [0x0000000080000000, 0x00000000bce00000, 0x00000000d5580000)
  object space 997376K, 48% used [0x0000000080000000,0x000000009d67ed90,0x00000000bce00000)
 Metaspace       used 88777K, committed 90752K, reserved 1179648K
  class space    used 9438K, committed 10368K, reserved 1048576K
}

